\#
\# A fatal error has been detected by the Java Runtime Environment:
\#
\#  EXCEPTION_ACCESS_VIOLATION (0xc0000005) at pc=0x00007ffa77a7c530, pid=24208, tid=0x0000000000004b14
\#
\# JRE version: Java(TM) SE Runtime Environment (8.0_281-b09) (build 1.8.0_281-b09)
\# Java VM: Java HotSpot(TM) 64-Bit Server VM (25.281-b09 mixed mode windows-amd64 compressed oops)
\# Problematic frame:
\# C  [lwjgl.dll+0x1c530]
\#
\# Failed to write core dump. Minidumps are not enabled by default on client versions of Windows
\#
\# If you would like to submit a bug report, please visit:
\#   http://bugreport.java.com/bugreport/crash.jsp
\# The crash happened outside the Java Virtual Machine in native code.
\# See problematic frame for where to report the bug.
\#

---------------  T H R E A D  ---------------

Current thread (0x000001c2a448d000):  JavaThread "main" [_thread_in_native, id=19220, stack(0x0000008f8e500000,0x0000008f8e600000)]

siginfo: ExceptionCode=0xc0000005, reading address 0x000001c2c8150020

Registers:
RAX=0x00007ffa77a799d0, RBX=0x000001c2bec613f8, RCX=0x000001c2c8150000, RDX=0x0000008f8e5ff2d0
RSP=0x0000008f8e5ff248, RBP=0x0000008f8e5ff2c0, RSI=0x0000000000000108, RDI=0x0000000000003821
R8 =0x000001c2c8150000, R9 =0x000000076b7b5798, R10=0x000001c2a5e345db, R11=0x00000000569d99a0
R12=0x0000000000000000, R13=0x000001c2bec613f8, R14=0x0000008f8e5ff2e8, R15=0x000001c2a448d000
RIP=0x00007ffa77a7c530, EFLAGS=0x0000000000010206

Top of Stack: (sp=0x0000008f8e5ff248)
0x0000008f8e5ff248:   000001c2a5e34607 000001c2c3b7ce00
0x0000008f8e5ff258:   0000008f00000037 000001c2a4488000
0x0000008f8e5ff268:   000001c2c3aa9030 000001c2a4456b50
0x0000008f8e5ff278:   00000000569bd335 0000008f8e5ff280
0x0000008f8e5ff288:   0000000000000000 0000008f8e5ff2e8
0x0000008f8e5ff298:   000001c2bec62d68 0000000000000000
0x0000008f8e5ff2a8:   000001c2bec613f8 0000000000000000
0x0000008f8e5ff2b8:   0000008f8e5ff2e0 0000008f8e5ff330
0x0000008f8e5ff2c8:   000001c2a5e17f50 000000076bc9e370
0x0000008f8e5ff2d8:   000001c2a5e296f7 000001c2c8150000
0x0000008f8e5ff2e8:   0000000000000001 0000008f8e5ff2f0
0x0000008f8e5ff2f8:   000001c2bec6149c 0000008f8e5ff348
0x0000008f8e5ff308:   000001c2bec62d68 0000000000000000
0x0000008f8e5ff318:   000001c2bec614c8 0000008f8e5ff2e0
0x0000008f8e5ff328:   0000008f8e5ff340 0000008f8e5ff390
0x0000008f8e5ff338:   000001c2a5e17f50 000001c2c8150000 

Instructions: (pc=0x00007ffa77a7c530)
0x00007ffa77a7c510:   8d 41 08 49 89 00 0f b7 01 c3 cc cc cc cc cc cc
0x00007ffa77a7c520:   ba 28 00 00 00 e9 e6 00 00 00 cc cc cc cc cc cc
0x00007ffa77a7c530:   48 8b 41 20 c3 cc cc cc cc cc cc cc cc cc cc cc
0x00007ffa77a7c540:   4c 89 41 18 4c 89 49 20 c3 cc cc cc cc cc cc cc 


Register to memory mapping:

RAX=0x00007ffa77a799d0 is an unknown value
RBX={method} {0x000001c2bec61400} 'ndcbGetUserData' '(J)J' in 'org/lwjgl/system/dyncall/DynCallback'
RCX=0x000001c2c8150000 is an unknown value
RDX=0x0000008f8e5ff2d0 is pointing into the stack for thread: 0x000001c2a448d000
RSP=0x0000008f8e5ff248 is pointing into the stack for thread: 0x000001c2a448d000
RBP=0x0000008f8e5ff2c0 is pointing into the stack for thread: 0x000001c2a448d000
RSI=0x0000000000000108 is an unknown value
RDI=0x0000000000003821 is an unknown value
R8 =0x000001c2c8150000 is an unknown value
R9 =0x000000076b7b5798 is an oop
java.lang.Class 
 - klass: 'java/lang/Class'
R10=0x000001c2a5e345db is at code_begin+1915 in an Interpreter codelet
method entry point (kind = native)  [0x000001c2a5e33e60, 0x000001c2a5e35140]  4832 bytes
R11=0x00000000569d99a0 is an unknown value
R12=0x0000000000000000 is an unknown value
R13={method} {0x000001c2bec61400} 'ndcbGetUserData' '(J)J' in 'org/lwjgl/system/dyncall/DynCallback'
R14=0x0000008f8e5ff2e8 is pointing into the stack for thread: 0x000001c2a448d000
R15=0x000001c2a448d000 is a thread


Stack: [0x0000008f8e500000,0x0000008f8e600000],  sp=0x0000008f8e5ff248,  free space=1020k
Native frames: (J=compiled Java code, j=interpreted, Vv=VM code, C=native code)
C  [lwjgl.dll+0x1c530]

Java frames: (J=compiled Java code, j=interpreted, Vv=VM code)
j  org.lwjgl.system.dyncall.DynCallback.ndcbGetUserData(J)J+0
j  org.lwjgl.system.dyncall.DynCallback.dcbGetUserData(J)J+12
j  org.lwjgl.system.Callback.free(J)V+12
j  org.lwjgl.system.Callback.free()V+4
j  reghzy.myapp.window.input.Input.destroyCallbacks()V+4
j  reghzy.myapp.window.Window.destroy()V+4
j  reghzy.myapp.window.Window.closeWindow()V+9
j  reghzy.myapp.window.Window.update()V+8
j  reghzy.myapp.Application.run()V+63
j  reghzy.myapp.Launcher.main([Ljava/lang/String;)V+11
v  ~StubRoutines::call_stub

---------------  P R O C E S S  ---------------

Java Threads: ( => current thread )
  0x000001c2c184c000 JavaThread "Service Thread" daemon [_thread_blocked, id=23400, stack(0x0000008f8fc00000,0x0000008f8fd00000)]
  0x000001c2c17b4800 JavaThread "C1 CompilerThread3" daemon [_thread_blocked, id=10048, stack(0x0000008f8fb00000,0x0000008f8fc00000)]
  0x000001c2c17b4000 JavaThread "C2 CompilerThread2" daemon [_thread_blocked, id=23452, stack(0x0000008f8fa00000,0x0000008f8fb00000)]
  0x000001c2c17af000 JavaThread "C2 CompilerThread1" daemon [_thread_blocked, id=6868, stack(0x0000008f8f900000,0x0000008f8fa00000)]
  0x000001c2c17a6800 JavaThread "C2 CompilerThread0" daemon [_thread_blocked, id=15460, stack(0x0000008f8f800000,0x0000008f8f900000)]
  0x000001c2bf1c3800 JavaThread "JDWP Command Reader" daemon [_thread_in_native, id=19280, stack(0x0000008f8f700000,0x0000008f8f800000)]
  0x000001c2bf1b4000 JavaThread "JDWP Event Helper Thread" daemon [_thread_blocked, id=13868, stack(0x0000008f8f600000,0x0000008f8f700000)]
  0x000001c2bf1a8000 JavaThread "JDWP Transport Listener: dt_socket" daemon [_thread_blocked, id=24036, stack(0x0000008f8f500000,0x0000008f8f600000)]
  0x000001c2bf19a000 JavaThread "Attach Listener" daemon [_thread_blocked, id=20540, stack(0x0000008f8f400000,0x0000008f8f500000)]
  0x000001c2bf196000 JavaThread "Signal Dispatcher" daemon [_thread_blocked, id=4776, stack(0x0000008f8f300000,0x0000008f8f400000)]
  0x000001c2bf171800 JavaThread "Finalizer" daemon [_thread_blocked, id=16412, stack(0x0000008f8f200000,0x0000008f8f300000)]
  0x000001c2bf168000 JavaThread "Reference Handler" daemon [_thread_blocked, id=10980, stack(0x0000008f8f100000,0x0000008f8f200000)]
=>0x000001c2a448d000 JavaThread "main" [_thread_in_native, id=19220, stack(0x0000008f8e500000,0x0000008f8e600000)]

Other Threads:
  0x000001c2bf13f000 VMThread [stack: 0x0000008f8f000000,0x0000008f8f100000] [id=9780]
  0x000001c2c17ab800 WatcherThread [stack: 0x0000008f8fd00000,0x0000008f8fe00000] [id=14192]

VM state:not at safepoint (normal execution)

VM Mutex/Monitor currently owned by a thread: None

heap address: 0x00000006c0c00000, size: 4084 MB, Compressed Oops mode: Zero based, Oop shift amount: 3
Narrow klass base: 0x0000000000000000, Narrow klass shift: 3
Compressed class space size: 1073741824 Address: 0x00000007c0000000

Heap:
 PSYoungGen      total 76288K, used 29597K [0x000000076af00000, 0x0000000770400000, 0x00000007c0000000)
  eden space 65536K, 45% used [0x000000076af00000,0x000000076cbe7750,0x000000076ef00000)
  from space 10752K, 0% used [0x000000076f980000,0x000000076f980000,0x0000000770400000)
  to   space 10752K, 0% used [0x000000076ef00000,0x000000076ef00000,0x000000076f980000)
 ParOldGen       total 175104K, used 0K [0x00000006c0c00000, 0x00000006cb700000, 0x000000076af00000)
  object space 175104K, 0% used [0x00000006c0c00000,0x00000006c0c00000,0x00000006cb700000)
 Metaspace       used 9274K, capacity 9467K, committed 9600K, reserved 1058816K
  class space    used 767K, capacity 870K, committed 896K, reserved 1048576K

Card table byte_map: [0x000001c2b51d0000,0x000001c2b59d0000] byte_map_base: 0x000001c2b1bca000

Marking Bits: (ParMarkBitMap*) 0x0000000056f96ff0
 Begin Bits: [0x000001c2b5f30000, 0x000001c2b9f00000)
 End Bits:   [0x000001c2b9f00000, 0x000001c2bded0000)

Polling page: 0x000001c2a4560000

CodeCache: size=245760Kb used=3086Kb max_used=3102Kb free=242673Kb
 bounds [0x000001c2a5e10000, 0x000001c2a6120000, 0x000001c2b4e10000]
 total_blobs=1549 nmethods=687 adapters=784
 compilation: enabled

Compilation events (10 events):
Event: 1.104 Thread 0x000001c2c17b4800  683 %     3       reghzy.myapp.Application::run @ 21 (105 bytes)
Event: 1.105 Thread 0x000001c2c17b4800 nmethod 683% 0x000001c2a61104d0 code [0x000001c2a61107c0, 0x000001c2a6111ac0]
Event: 1.108 Thread 0x000001c2c17b4800  684       3       reghzy.myapp.Application::run (105 bytes)
Event: 1.108 Thread 0x000001c2c17b4800 nmethod 684 0x000001c2a6112650 code [0x000001c2a6112940, 0x000001c2a6113be0]
Event: 1.112 Thread 0x000001c2c17af000  685       4       org.lwjgl.glfw.GLFW::glfwWindowShouldClose (29 bytes)
Event: 1.112 Thread 0x000001c2c17af000 nmethod 685 0x000001c2a610ea10 code [0x000001c2a610eb60, 0x000001c2a610ec08]
Event: 1.241 Thread 0x000001c2c17a6800  686 %     4       reghzy.myapp.Application::run @ 21 (105 bytes)
Event: 1.251 Thread 0x000001c2c17a6800 nmethod 686% 0x000001c2a6116c90 code [0x000001c2a6116e80, 0x000001c2a6117c88]
Event: 1.273 Thread 0x000001c2c17b4000  687 %     4       reghzy.myapp.Application::run @ 41 (105 bytes)
Event: 1.282 Thread 0x000001c2c17b4000 nmethod 687% 0x000001c2a611b990 code [0x000001c2a611bb80, 0x000001c2a611cea8]

GC Heap History (0 events):
No events

Deoptimization events (3 events):
Event: 0.255 Thread 0x000001c2a448d000 Uncommon trap: reason=null_check action=make_not_entrant pc=0x000001c2a5f9e1d4 method=java.lang.String.equals(Ljava/lang/Object;)Z @ 8
Event: 1.501 Thread 0x000001c2a448d000 Uncommon trap: reason=unstable_if action=reinterpret pc=0x000001c2a611c7fc method=org.lwjgl.glfw.GLFW.glfwWindowShouldClose(J)Z @ 20
Event: 1.513 Thread 0x000001c2a448d000 Uncommon trap: reason=unstable_if action=reinterpret pc=0x000001c2a610df9c method=org.lwjgl.glfw.GLFW.glfwWindowShouldClose(J)Z @ 20

Classes redefined (0 events):
No events

Internal exceptions (10 events):
Event: 0.238 Thread 0x000001c2a448d000 Exception <a 'java/security/PrivilegedActionException'> (0x000000076b8b1f20) thrown at [C:\jenkins\workspace\8-2-build-windows-amd64-cygwin\jdk8u281\880\hotspot\src\share\vm\prims\jvm.cpp, line 1512]
Event: 0.255 Thread 0x000001c2a448d000 Implicit null exception at 0x000001c2a5f9df5b to 0x000001c2a5f9e1c5
Event: 0.273 Thread 0x000001c2a448d000 Exception <a 'sun/nio/fs/WindowsException'> (0x000000076b99cd40) thrown at [C:\jenkins\workspace\8-2-build-windows-amd64-cygwin\jdk8u281\880\hotspot\src\share\vm\prims\jni.cpp, line 710]
Event: 0.273 Thread 0x000001c2a448d000 Exception <a 'sun/nio/fs/WindowsException'> (0x000000076b99fa18) thrown at [C:\jenkins\workspace\8-2-build-windows-amd64-cygwin\jdk8u281\880\hotspot\src\share\vm\prims\jni.cpp, line 710]
Event: 0.294 Thread 0x000001c2a448d000 Exception <a 'sun/nio/fs/WindowsException'> (0x000000076ba57958) thrown at [C:\jenkins\workspace\8-2-build-windows-amd64-cygwin\jdk8u281\880\hotspot\src\share\vm\prims\jni.cpp, line 710]
Event: 0.294 Thread 0x000001c2a448d000 Exception <a 'sun/nio/fs/WindowsException'> (0x000000076ba58038) thrown at [C:\jenkins\workspace\8-2-build-windows-amd64-cygwin\jdk8u281\880\hotspot\src\share\vm\prims\jni.cpp, line 710]
Event: 0.600 Thread 0x000001c2a448d000 Exception <a 'sun/nio/fs/WindowsException'> (0x000000076bd0f8f0) thrown at [C:\jenkins\workspace\8-2-build-windows-amd64-cygwin\jdk8u281\880\hotspot\src\share\vm\prims\jni.cpp, line 710]
Event: 0.600 Thread 0x000001c2a448d000 Exception <a 'sun/nio/fs/WindowsException'> (0x000000076bd10030) thrown at [C:\jenkins\workspace\8-2-build-windows-amd64-cygwin\jdk8u281\880\hotspot\src\share\vm\prims\jni.cpp, line 710]
Event: 0.603 Thread 0x000001c2a448d000 Exception <a 'sun/nio/fs/WindowsException'> (0x000000076bd1c088) thrown at [C:\jenkins\workspace\8-2-build-windows-amd64-cygwin\jdk8u281\880\hotspot\src\share\vm\prims\jni.cpp, line 710]
Event: 0.603 Thread 0x000001c2a448d000 Exception <a 'sun/nio/fs/WindowsException'> (0x000000076bd1c680) thrown at [C:\jenkins\workspace\8-2-build-windows-amd64-cygwin\jdk8u281\880\hotspot\src\share\vm\prims\jni.cpp, line 710]

Events (10 events):
Event: 0.858 Thread 0x000001c2a448d000 DEOPT PACKING pc=0x000001c2a5f5e244 sp=0x0000008f8e5fe0a0
Event: 0.858 Thread 0x000001c2a448d000 DEOPT UNPACKING pc=0x000001c2a5e57498 sp=0x0000008f8e5fdec0 mode 1
Event: 1.270 Thread 0x000001c2a448d000 DEOPT PACKING pc=0x000001c2a61118dd sp=0x0000008f8e5ff4d0
Event: 1.270 Thread 0x000001c2a448d000 DEOPT UNPACKING pc=0x000001c2a5e57498 sp=0x0000008f8e5ff2b0 mode 0
Event: 1.501 Thread 0x000001c2a448d000 Uncommon trap: trap_request=0xffffff65 fr.pc=0x000001c2a611c7fc
Event: 1.501 Thread 0x000001c2a448d000 DEOPT PACKING pc=0x000001c2a611c7fc sp=0x0000008f8e5ff540
Event: 1.501 Thread 0x000001c2a448d000 DEOPT UNPACKING pc=0x000001c2a5e55843 sp=0x0000008f8e5ff418 mode 2
Event: 1.513 Thread 0x000001c2a448d000 Uncommon trap: trap_request=0xffffff65 fr.pc=0x000001c2a610df9c
Event: 1.513 Thread 0x000001c2a448d000 DEOPT PACKING pc=0x000001c2a610df9c sp=0x0000008f8e5ff500
Event: 1.513 Thread 0x000001c2a448d000 DEOPT UNPACKING pc=0x000001c2a5e55843 sp=0x0000008f8e5ff410 mode 2


Dynamic libraries:
0x00007ff6b9830000 - 0x00007ff6b9877000 	C:\Program Files\Java\jdk1.8.0_281\bin\java.exe
0x00007ffa95fb0000 - 0x00007ffa961a5000 	C:\WINDOWS\SYSTEM32\ntdll.dll
0x00007ffa94310000 - 0x00007ffa943cd000 	C:\WINDOWS\System32\KERNEL32.DLL
0x00007ffa93960000 - 0x00007ffa93c29000 	C:\WINDOWS\System32\KERNELBASE.dll
0x00007ffa94140000 - 0x00007ffa941ec000 	C:\WINDOWS\System32\ADVAPI32.dll
0x00007ffa94f30000 - 0x00007ffa94fce000 	C:\WINDOWS\System32\msvcrt.dll
0x00007ffa94b70000 - 0x00007ffa94c0c000 	C:\WINDOWS\System32\sechost.dll
0x00007ffa94010000 - 0x00007ffa9413b000 	C:\WINDOWS\System32\RPCRT4.dll
0x00007ffa95720000 - 0x00007ffa958c0000 	C:\WINDOWS\System32\USER32.dll
0x00007ffa93880000 - 0x00007ffa938a2000 	C:\WINDOWS\System32\win32u.dll
0x00007ffa94f00000 - 0x00007ffa94f2a000 	C:\WINDOWS\System32\GDI32.dll
0x00007ffa93f00000 - 0x00007ffa9400b000 	C:\WINDOWS\System32\gdi32full.dll
0x00007ffa93e00000 - 0x00007ffa93e9d000 	C:\WINDOWS\System32\msvcp_win.dll
0x00007ffa93c30000 - 0x00007ffa93d30000 	C:\WINDOWS\System32\ucrtbase.dll
0x00007ffa83ec0000 - 0x00007ffa8415a000 	C:\WINDOWS\WinSxS\amd64_microsoft.windows.common-controls_6595b64144ccf1df_6.0.19041.844_none_ca00b6081b84eb1d\COMCTL32.dll
0x00007ffa949a0000 - 0x00007ffa949d0000 	C:\WINDOWS\System32\IMM32.DLL
0x00007ffa8f210000 - 0x00007ffa8f225000 	C:\Program Files\Java\jdk1.8.0_281\jre\bin\vcruntime140.dll
0x00007ffa7cae0000 - 0x00007ffa7cb7b000 	C:\Program Files\Java\jdk1.8.0_281\jre\bin\msvcp140.dll
0x00000000567b0000 - 0x000000005700f000 	C:\Program Files\Java\jdk1.8.0_281\jre\bin\server\jvm.dll
0x00007ffa94b60000 - 0x00007ffa94b68000 	C:\WINDOWS\System32\PSAPI.DLL
0x00007ffa842b0000 - 0x00007ffa842d7000 	C:\WINDOWS\SYSTEM32\WINMM.dll
0x00007ffa8f200000 - 0x00007ffa8f209000 	C:\WINDOWS\SYSTEM32\WSOCK32.dll
0x00007ffa8c9d0000 - 0x00007ffa8c9da000 	C:\WINDOWS\SYSTEM32\VERSION.dll
0x00007ffa95d90000 - 0x00007ffa95dfb000 	C:\WINDOWS\System32\WS2_32.dll
0x00007ffa91530000 - 0x00007ffa91542000 	C:\WINDOWS\SYSTEM32\kernel.appcore.dll
0x00007ffa842a0000 - 0x00007ffa842b0000 	C:\Program Files\Java\jdk1.8.0_281\jre\bin\verify.dll
0x00007ffa84270000 - 0x00007ffa8429b000 	C:\Program Files\Java\jdk1.8.0_281\jre\bin\java.dll
0x00007ffa7c940000 - 0x00007ffa7c976000 	C:\Program Files\Java\jdk1.8.0_281\jre\bin\jdwp.dll
0x00007ffa85e50000 - 0x00007ffa85e59000 	C:\Program Files\Java\jdk1.8.0_281\jre\bin\npt.dll
0x00007ffa7c910000 - 0x00007ffa7c940000 	C:\Program Files\Java\jdk1.8.0_281\jre\bin\instrument.dll
0x00007ffa7cac0000 - 0x00007ffa7cad8000 	C:\Program Files\Java\jdk1.8.0_281\jre\bin\zip.dll
0x00007ffa94fd0000 - 0x00007ffa95712000 	C:\WINDOWS\System32\SHELL32.dll
0x00007ffa91810000 - 0x00007ffa91fa0000 	C:\WINDOWS\SYSTEM32\windows.storage.dll
0x00007ffa94430000 - 0x00007ffa94785000 	C:\WINDOWS\System32\combase.dll
0x00007ffa93090000 - 0x00007ffa930bc000 	C:\WINDOWS\SYSTEM32\Wldp.dll
0x00007ffa94c20000 - 0x00007ffa94cce000 	C:\WINDOWS\System32\SHCORE.dll
0x00007ffa943d0000 - 0x00007ffa94425000 	C:\WINDOWS\System32\shlwapi.dll
0x00007ffa93630000 - 0x00007ffa9364f000 	C:\WINDOWS\SYSTEM32\profapi.dll
0x00007ffa84cf0000 - 0x00007ffa84cfa000 	C:\Program Files\Java\jdk1.8.0_281\jre\bin\dt_socket.dll
0x00007ffa92e30000 - 0x00007ffa92e9a000 	C:\WINDOWS\system32\mswsock.dll
0x00007ffa7c9c0000 - 0x00007ffa7c9dc000 	C:\Program Files\Java\jdk1.8.0_281\jre\bin\net.dll
0x00007ffa7c9a0000 - 0x00007ffa7c9b3000 	C:\Program Files\Java\jdk1.8.0_281\jre\bin\nio.dll
0x00007ffa77a60000 - 0x00007ffa77ac4000 	C:\Users\kettl\AppData\Local\Temp\lwjglkettl\3.2.3-build-13\lwjgl.dll
0x00007ffa774d0000 - 0x00007ffa77532000 	C:\Users\kettl\AppData\Local\Temp\lwjglkettl\3.2.3-build-13\glfw.dll
0x00007ffa910d0000 - 0x00007ffa9116e000 	C:\WINDOWS\system32\uxtheme.dll
0x00007ffa79070000 - 0x00007ffa790b5000 	C:\WINDOWS\SYSTEM32\dinput8.dll
0x00007ffa7c830000 - 0x00007ffa7c841000 	C:\WINDOWS\SYSTEM32\xinput1_4.dll
0x00007ffa93d30000 - 0x00007ffa93d7e000 	C:\WINDOWS\System32\cfgmgr32.dll
0x00007ffa934a0000 - 0x00007ffa934cc000 	C:\WINDOWS\SYSTEM32\DEVOBJ.dll
0x00007ffa91500000 - 0x00007ffa9152f000 	C:\WINDOWS\SYSTEM32\dwmapi.dll
0x00007ffa85e60000 - 0x00007ffa85fb2000 	C:\WINDOWS\SYSTEM32\inputhost.dll
0x00007ffa95ea0000 - 0x00007ffa95f6d000 	C:\WINDOWS\System32\OLEAUT32.dll
0x00007ffa90d50000 - 0x00007ffa90e42000 	C:\WINDOWS\SYSTEM32\CoreMessaging.dll
0x00007ffa90280000 - 0x00007ffa903d4000 	C:\WINDOWS\SYSTEM32\wintypes.dll
0x00007ffa8c670000 - 0x00007ffa8c767000 	C:\WINDOWS\SYSTEM32\PROPSYS.dll
0x00007ffa909f0000 - 0x00007ffa90d4e000 	C:\WINDOWS\SYSTEM32\CoreUIComponents.dll
0x00007ffa93d80000 - 0x00007ffa93e00000 	C:\WINDOWS\System32\bcryptPrimitives.dll
0x00007ffa923e0000 - 0x00007ffa92413000 	C:\WINDOWS\SYSTEM32\ntmarta.dll
0x00007ffa941f0000 - 0x00007ffa94305000 	C:\WINDOWS\System32\MSCTF.dll
0x00007ffa91fa0000 - 0x00007ffa91fad000 	C:\WINDOWS\SYSTEM32\HID.DLL
0x00007ffa958c0000 - 0x00007ffa95d29000 	C:\WINDOWS\System32\SETUPAPI.DLL
0x00007ffa93850000 - 0x00007ffa93877000 	C:\WINDOWS\System32\bcrypt.dll
0x00007ffa93ea0000 - 0x00007ffa93f00000 	C:\WINDOWS\System32\WINTRUST.dll
0x00007ffa936f0000 - 0x00007ffa9384f000 	C:\WINDOWS\System32\CRYPT32.dll
0x00007ffa93440000 - 0x00007ffa93452000 	C:\WINDOWS\SYSTEM32\MSASN1.dll
0x00007ffa68420000 - 0x00007ffa68546000 	C:\WINDOWS\SYSTEM32\opengl32.dll
0x00007ffa74e30000 - 0x00007ffa74e5c000 	C:\WINDOWS\SYSTEM32\GLU32.dll
0x00007ffa94ab0000 - 0x00007ffa94b59000 	C:\WINDOWS\System32\clbcatq.dll
0x00007ffa74800000 - 0x00007ffa7482a000 	C:\WINDOWS\System32\DriverStore\FileRepository\u0361132.inf_amd64_4863ccf4c1b997c9\B361196\atig6pxx.dll
0x00007ffa451f0000 - 0x00007ffa47fc4000 	C:\WINDOWS\System32\DriverStore\FileRepository\u0361132.inf_amd64_4863ccf4c1b997c9\B361196\atio6axx.dll
0x00007ffa94810000 - 0x00007ffa9493a000 	C:\WINDOWS\System32\ole32.dll
0x00007ffa7c730000 - 0x00007ffa7c754000 	C:\WINDOWS\SYSTEM32\dxva2.dll
0x00007ffa71060000 - 0x00007ffa7109c000 	C:\WINDOWS\System32\DriverStore\FileRepository\u0361132.inf_amd64_4863ccf4c1b997c9\B361196\atig6txx.dll
0x00007ffa52d70000 - 0x00007ffa52f2f000 	C:\WINDOWS\SYSTEM32\atiadlxx.dll
0x00007ffa80ff0000 - 0x00007ffa81039000 	C:\WINDOWS\SYSTEM32\pdh.dll
0x00007ffa87d20000 - 0x00007ffa87d5b000 	C:\WINDOWS\SYSTEM32\dxcore.dll
0x00007ffa88270000 - 0x00007ffa8836b000 	C:\WINDOWS\SYSTEM32\textinputframework.dll
0x00007ffa74bf0000 - 0x00007ffa74c49000 	C:\Users\kettl\AppData\Local\Temp\lwjglkettl\3.2.3-build-13\lwjgl_opengl.dll
0x00007ffa8cd30000 - 0x00007ffa8cf14000 	C:\WINDOWS\SYSTEM32\dbghelp.dll

VM Arguments:
jvm_args: -agentlib:jdwp=transport=dt_socket,address=127.0.0.1:55768,suspend=y,server=n -javaagent:C:\Users\kettl\AppData\Local\JetBrains\IdeaIC2020.3\captureAgent\debugger-agent.jar -Dfile.encoding=UTF-8 
java_command: reghzy.myapp.Launcher
java_class_path (initial): C:\Program Files\Java\jdk1.8.0_281\jre\lib\charsets.jar;C:\Program Files\Java\jdk1.8.0_281\jre\lib\deploy.jar;C:\Program Files\Java\jdk1.8.0_281\jre\lib\ext\access-bridge-64.jar;C:\Program Files\Java\jdk1.8.0_281\jre\lib\ext\cldrdata.jar;C:\Program Files\Java\jdk1.8.0_281\jre\lib\ext\dnsns.jar;C:\Program Files\Java\jdk1.8.0_281\jre\lib\ext\jaccess.jar;C:\Program Files\Java\jdk1.8.0_281\jre\lib\ext\jfxrt.jar;C:\Program Files\Java\jdk1.8.0_281\jre\lib\ext\localedata.jar;C:\Program Files\Java\jdk1.8.0_281\jre\lib\ext\nashorn.jar;C:\Program Files\Java\jdk1.8.0_281\jre\lib\ext\sunec.jar;C:\Program Files\Java\jdk1.8.0_281\jre\lib\ext\sunjce_provider.jar;C:\Program Files\Java\jdk1.8.0_281\jre\lib\ext\sunmscapi.jar;C:\Program Files\Java\jdk1.8.0_281\jre\lib\ext\sunpkcs11.jar;C:\Program Files\Java\jdk1.8.0_281\jre\lib\ext\zipfs.jar;C:\Program Files\Java\jdk1.8.0_281\jre\lib\javaws.jar;C:\Program Files\Java\jdk1.8.0_281\jre\lib\jce.jar;C:\Program Files\Java\jdk1.8.0_281\jre\lib\jfr.jar;C:\Program Files\Java\jdk1.8.0_281\jre\lib\jfxswt.jar;C:\Program Files\Java\jdk1.8.0_281\jre\lib\jsse.jar;C:\Program Files\Java\jdk1.8.0_281\jre\lib\management-agent.jar;C:\Program Files\Java\jdk1.8.0_281\jre\lib\plugin.jar;C:\Program Files\Java\jdk1.8.0_281\jre\lib\resources.jar;C:\Program Files\Java\jdk1.8.0_281\jre\lib\rt.jar;F:\IJProjects\OpenGLWindowTemplate\out\production\OpenGLWindowTemplate;C:\OpenGL\glfw\library\lwjgl-assimp-natives-windows.jar;C:\OpenGL\glfw\library\lwjgl-assimp.jar;C:\OpenGL\glfw\library\lwjgl-bgfx-natives-windows.jar;C:\OpenGL\glfw\library\lwjgl-bgfx.jar;C:\OpenGL\glfw\library\lwjgl-glfw-natives-windows.jar;C:\OpenGL\glfw\library\lwjgl-glfw.jar;C:\OpenGL\glfw\library\lwjgl-nanovg-natives-windows.jar;C:\OpenGL\glfw\library\lwjgl-nanovg.jar;C:\OpenGL\glfw\library\lwjgl-natives-windows.jar;C:\OpenGL\glfw\library\lwjgl-nuklear-natives-windows.jar;C:\OpenGL\glfw\library\lwjgl-nuklear.jar;C:\OpenGL\glfw\library\lwjgl-openal-natives-windows.jar
Launcher Type: SUN_STANDARD

Environment Variables:
JAVA_HOME=C:\Program Files\Java\jdk1.8.0_281
JRE_HOME=C:\Program Files\Java\jre1.8.0_281
PATH=C:\Program Files\Java\jre1.8.0_281\bin;C:\Program Files\Java\jdk1.8.0_281\bin;C:\Program Files\Java\jdk-11.0.10\bin;C:\Program Files\Common Files\Oracle\Java\javapath;C:\Program Files (x86)\Common Files\Oracle\Java\javapath;C:\WINDOWS\system32;C:\WINDOWS;C:\WINDOWS\System32\Wbem;C:\WINDOWS\System32\WindowsPowerShell\v1.0\;C:\WINDOWS\System32\OpenSSH\;C:\Program Files\Microsoft SQL Server\130\Tools\Binn\;C:\Program Files\Microsoft SQL Server\Client SDK\ODBC\170\Tools\Binn\;C:\Users\kettl\nmap-7.91;C:\Program Files\Azure Data Studio\bin;C:\Program Files\php-8.0.1;C:\Program Files\Git\cmd;C:\TDM-GCC-64\bin;C:\Program Files\dotnet\;C:\Program Files (x86)\WinSCP\;C:\Users\kettl\AppData\Local\Microsoft\WindowsApps;C:\Users\kettl\AppData\Local\Programs\Microsoft VS Code\bin;C:\Program Files\JetBrains\PyCharm Community Edition 2020.3.2\bin;;C:\Program Files\Azure Data Studio\bin;C:\Users\kettl\.dotnet\tools;C:\Program Files\JetBrains\JetBrains Rider 2019.1.3\bin;;
USERNAME=kettl
OS=Windows_NT
PROCESSOR_IDENTIFIER=AMD64 Family 23 Model 8 Stepping 2, AuthenticAMD



---------------  S Y S T E M  ---------------

OS: Windows 10.0 , 64 bit Build 19041 (10.0.19041.804)

CPU:total 12 (initial active 12) (12 cores per cpu, 1 threads per core) family 23 model 8 stepping 2, cmov, cx8, fxsr, mmx, sse, sse2, sse3, ssse3, sse4.1, sse4.2, popcnt, avx, avx2, aes, clmul, mmxext, 3dnowpref, lzcnt, sse4a, tsc, tscinvbit, tscinv, bmi1

Memory: 4k page, physical 16727368k(8721344k free), swap 25115976k(10538776k free)

vm_info: Java HotSpot(TM) 64-Bit Server VM (25.281-b09) for windows-amd64 JRE (1.8.0_281-b09), built on Dec  9 2020 13:54:07 by "" with MS VC++ 15.9 (VS2017)

time: Thu Mar 25 21:46:54 2021
timezone: GMT Standard Time
elapsed time: 1.531629 seconds (0d 0h 0m 1s)

